<?xml version="1.0" encoding="UTF-8"?>
<!-- Generated by org.testng.reporters.JUnitXMLReporter -->
<testsuite ignored="2" hostname="LAPTOP-25MQB1CL" failures="0" tests="5" name="Test-Firefox" time="198.587" errors="0" timestamp="15 Dec 2024 08:18:56 GMT">
  <testcase classname="com.comcast.crm.contactTest.CreateContactTest" name="createConTest" time="20.075"/>
  <testcase classname="com.comcast.crm.contactTest.CreateContactTest" name="createContactWithOrg" time="42.96"/>
  <testcase classname="com.comcast.crm.contactTest.CreateContactTest" name="createContactwithDate" time="21.159"/>
  <testcase classname="com.comcast.crm.orgTest.CreateContactTestngtest" name="CreateOrgwithIndustry" time="21.149"/>
  <testcase classname="com.comcast.crm.orgTest.CreateContactTestngtest" name="createOrgTest" time="22.594"/>
  <testcase classname="com.comcast.crm.baseClassUtility.BaseClass" name="@BeforeSuite configBS" time="0.0">
    <ignored/>
  </testcase> <!-- @BeforeSuite configBS -->
  <testcase classname="com.comcast.crm.baseClassUtility.BaseClass" name="@AfterSuite configAS" time="0.0">
    <ignored/>
  </testcase> <!-- @AfterSuite configAS -->
</testsuite> <!-- Test-Firefox -->
