<?xml version="1.0" encoding="UTF-8"?>
<!-- Generated by org.testng.reporters.JUnitXMLReporter -->
<testsuite ignored="2" hostname="LAPTOP-25MQB1CL" failures="0" tests="5" name="Test-chrome" time="199.628" errors="0" timestamp="15 Dec 2024 08:18:57 GMT">
  <testcase classname="com.comcast.crm.contactTest.CreateContactTest" name="createConTest" time="24.147"/>
  <testcase classname="com.comcast.crm.contactTest.CreateContactTest" name="createContactWithOrg" time="45.142"/>
  <testcase classname="com.comcast.crm.contactTest.CreateContactTest" name="createContactwithDate" time="21.05"/>
  <testcase classname="com.comcast.crm.orgTest.CreateContactTestngtest" name="CreateOrgwithIndustry" time="19.183"/>
  <testcase classname="com.comcast.crm.orgTest.CreateContactTestngtest" name="createOrgTest" time="21.488"/>
  <testcase classname="com.comcast.crm.baseClassUtility.BaseClass" name="@BeforeSuite configBS" time="0.0">
    <ignored/>
  </testcase> <!-- @BeforeSuite configBS -->
  <testcase classname="com.comcast.crm.baseClassUtility.BaseClass" name="@AfterSuite configAS" time="0.0">
    <ignored/>
  </testcase> <!-- @AfterSuite configAS -->
</testsuite> <!-- Test-chrome -->
