<?xml version="1.0" encoding="UTF-8"?>
<!-- Generated by org.testng.reporters.JUnitReportReporter -->
<testsuite hostname="LAPTOP-25MQB1CL" failures="0" tests="2" name="com.comcast.crm.orgTest.CreateContactTestngtest" time="29.395" errors="0" timestamp="21 Jan 2025 06:21:39 GMT" skipped="0">
  <testcase classname="com.comcast.crm.orgTest.CreateContactTestngtest" name="CreateOrgwithIndustry" time="15.027"/>
  <testcase classname="com.comcast.crm.orgTest.CreateContactTestngtest" name="createOrgTest" time="14.368"/>
</testsuite> <!-- com.comcast.crm.orgTest.CreateContactTestngtest -->
