<?xml version="1.0" encoding="UTF-8"?>
<!-- Generated by org.testng.reporters.JUnitReportReporter -->
<testsuite hostname="LAPTOP-25MQB1CL" failures="0" tests="2" name="com.comcast.crm.contactTest.CreateContactTest" time="91.851" errors="0" timestamp="2025-01-22T21:24:01 IST" skipped="0">
  <testcase classname="com.comcast.crm.contactTest.CreateContactTest" name="createContactWithOrg" time="52.953"/>
  <testcase classname="com.comcast.crm.contactTest.CreateContactTest" name="createConTest" time="38.898"/>
</testsuite> <!-- com.comcast.crm.contactTest.CreateContactTest -->
