<?xml version="1.0" encoding="UTF-8"?>
<!-- Generated by org.testng.reporters.JUnitReportReporter -->
<testsuite hostname="LAPTOP-25MQB1CL" failures="0" tests="2" name="practice.HomePageTest.HomePageVerificationTest" time="10.472" errors="0" timestamp="16 Dec 2024 09:47:24 GMT" skipped="0">
  <testcase classname="practice.HomePageTest.HomePageVerificationTest" name="HomepageTest" time="5.818"/>
  <testcase classname="practice.HomePageTest.HomePageVerificationTest" name="VerifyLogoHomePageTest" time="4.654"/>
</testsuite> <!-- practice.HomePageTest.HomePageVerificationTest -->
