<?xml version="1.0" encoding="UTF-8"?>
<!-- Generated by org.testng.reporters.JUnitReportReporter -->
<testsuite hostname="LAPTOP-25MQB1CL" failures="0" tests="1" name="practice.HomePageTest.SampleReportTest" time="3.705" errors="0" timestamp="26 Dec 2024 16:05:16 GMT" skipped="0">
  <testcase classname="practice.HomePageTest.SampleReportTest" name="createContactTest" time="3.705"/>
</testsuite> <!-- practice.HomePageTest.SampleReportTest -->
