<?xml version="1.0" encoding="UTF-8"?>
<!-- Generated by org.testng.reporters.JUnitReportReporter -->
<testsuite hostname="LAPTOP-25MQB1CL" failures="0" tests="2" name="com.comcast.crm.orgTest.CreateContactTestngtest" time="31.793" errors="0" timestamp="2025-01-22T21:24:01 IST" skipped="0">
  <testcase classname="com.comcast.crm.orgTest.CreateContactTestngtest" name="CreateOrgwithIndustry" time="15.485"/>
  <testcase classname="com.comcast.crm.orgTest.CreateContactTestngtest" name="createOrgTest" time="16.308"/>
</testsuite> <!-- com.comcast.crm.orgTest.CreateContactTestngtest -->
